Determining if the pthread_create exist failed with the following output:
Change Dir: /home/bmbed/Documents/work spade/Protocol2/build/CMakeFiles/CMakeTmp

Run Build Command:"/usr/bin/make" "cmTC_29e47/fast"
make[1]: Entering directory '/home/bmbed/Documents/work spade/Protocol2/build/CMakeFiles/CMakeTmp'
/usr/bin/make -f CMakeFiles/cmTC_29e47.dir/build.make CMakeFiles/cmTC_29e47.dir/build
make[2]: Entering directory '/home/bmbed/Documents/work spade/Protocol2/build/CMakeFiles/CMakeTmp'
Building C object CMakeFiles/cmTC_29e47.dir/CheckSymbolExists.c.o
/usr/bin/cc    -std=gnu11 -fms-extensions -Wl,--no-as-needed    -o CMakeFiles/cmTC_29e47.dir/CheckSymbolExists.c.o   -c "/home/bmbed/Documents/work spade/Protocol2/build/CMakeFiles/CMakeTmp/CheckSymbolExists.c"
Linking C executable cmTC_29e47
/usr/bin/cmake -E cmake_link_script CMakeFiles/cmTC_29e47.dir/link.txt --verbose=1
/usr/bin/cc   -std=gnu11 -fms-extensions -Wl,--no-as-needed    -lm  CMakeFiles/cmTC_29e47.dir/CheckSymbolExists.c.o  -o cmTC_29e47 
CMakeFiles/cmTC_29e47.dir/CheckSymbolExists.c.o: In function `main':
CheckSymbolExists.c:(.text+0x16): undefined reference to `pthread_create'
collect2: error: ld returned 1 exit status
CMakeFiles/cmTC_29e47.dir/build.make:97: recipe for target 'cmTC_29e47' failed
make[2]: *** [cmTC_29e47] Error 1
make[2]: Leaving directory '/home/bmbed/Documents/work spade/Protocol2/build/CMakeFiles/CMakeTmp'
Makefile:126: recipe for target 'cmTC_29e47/fast' failed
make[1]: *** [cmTC_29e47/fast] Error 2
make[1]: Leaving directory '/home/bmbed/Documents/work spade/Protocol2/build/CMakeFiles/CMakeTmp'

File /home/bmbed/Documents/work spade/Protocol2/build/CMakeFiles/CMakeTmp/CheckSymbolExists.c:
/* */
#include <pthread.h>

int main(int argc, char** argv)
{
  (void)argv;
#ifndef pthread_create
  return ((int*)(&pthread_create))[argc];
#else
  (void)argc;
  return 0;
#endif
}

Determining if the function pthread_create exists in the pthreads failed with the following output:
Change Dir: /home/bmbed/Documents/work spade/Protocol2/build/CMakeFiles/CMakeTmp

Run Build Command:"/usr/bin/make" "cmTC_0480f/fast"
make[1]: Entering directory '/home/bmbed/Documents/work spade/Protocol2/build/CMakeFiles/CMakeTmp'
/usr/bin/make -f CMakeFiles/cmTC_0480f.dir/build.make CMakeFiles/cmTC_0480f.dir/build
make[2]: Entering directory '/home/bmbed/Documents/work spade/Protocol2/build/CMakeFiles/CMakeTmp'
Building C object CMakeFiles/cmTC_0480f.dir/CheckFunctionExists.c.o
/usr/bin/cc    -std=gnu11 -fms-extensions -Wl,--no-as-needed -DCHECK_FUNCTION_EXISTS=pthread_create   -o CMakeFiles/cmTC_0480f.dir/CheckFunctionExists.c.o   -c /usr/share/cmake-3.5/Modules/CheckFunctionExists.c
Linking C executable cmTC_0480f
/usr/bin/cmake -E cmake_link_script CMakeFiles/cmTC_0480f.dir/link.txt --verbose=1
/usr/bin/cc   -std=gnu11 -fms-extensions -Wl,--no-as-needed -DCHECK_FUNCTION_EXISTS=pthread_create   -lm  CMakeFiles/cmTC_0480f.dir/CheckFunctionExists.c.o  -o cmTC_0480f -lpthreads 
/usr/bin/ld: cannot find -lpthreads
collect2: error: ld returned 1 exit status
CMakeFiles/cmTC_0480f.dir/build.make:97: recipe for target 'cmTC_0480f' failed
make[2]: *** [cmTC_0480f] Error 1
make[2]: Leaving directory '/home/bmbed/Documents/work spade/Protocol2/build/CMakeFiles/CMakeTmp'
Makefile:126: recipe for target 'cmTC_0480f/fast' failed
make[1]: *** [cmTC_0480f/fast] Error 2
make[1]: Leaving directory '/home/bmbed/Documents/work spade/Protocol2/build/CMakeFiles/CMakeTmp'


